2019-10-13 04:18:48 [95.108.181.86][-][66eb9bd2590b79c27b5f8a82bcbb678a][error][yii\web\HttpException:404] yii\base\InvalidRouteException: Unable to resolve the request "robots.txt". in /var/www/user43163/data/www/apijs.injini.ru/vendor/yiisoft/yii2/base/Module.php:537
Stack trace:
#0 /var/www/user43163/data/www/apijs.injini.ru/vendor/yiisoft/yii2/web/Application.php(103): yii\base\Module->runAction('robots.txt', Array)
#1 /var/www/user43163/data/www/apijs.injini.ru/vendor/yiisoft/yii2/base/Application.php(386): yii\web\Application->handleRequest(Object(yii\web\Request))
#2 /var/www/user43163/data/www/apijs.injini.ru/web/index.php(12): yii\base\Application->run()
#3 {main}

Next yii\web\NotFoundHttpException: Страница не найдена. in /var/www/user43163/data/www/apijs.injini.ru/vendor/yiisoft/yii2/web/Application.php:115
Stack trace:
#0 /var/www/user43163/data/www/apijs.injini.ru/vendor/yiisoft/yii2/base/Application.php(386): yii\web\Application->handleRequest(Object(yii\web\Request))
#1 /var/www/user43163/data/www/apijs.injini.ru/web/index.php(12): yii\base\Application->run()
#2 {main}
2019-10-13 04:18:50 [95.108.181.86][-][66eb9bd2590b79c27b5f8a82bcbb678a][warning][yii\debug\Module::checkAccess] Access to debugger is denied due to IP address restriction. The requesting IP address is 95.108.181.86
    in /var/www/user43163/data/www/apijs.injini.ru/views/layouts/main.php:78
2019-10-13 04:18:50 [95.108.181.86][-][66eb9bd2590b79c27b5f8a82bcbb678a][warning][yii\debug\Module::checkAccess] Access to debugger is denied due to IP address restriction. The requesting IP address is 95.108.181.86
2019-10-13 04:18:47 [95.108.181.86][-][66eb9bd2590b79c27b5f8a82bcbb678a][info][application] $_GET = []

$_POST = []

$_FILES = []

$_COOKIE = []

$_SESSION = [
    '__flash' => []
]

$_SERVER = [
    'REDIRECT_REDIRECT_UNIQUE_ID' => 'XaJ7dfm8mxGj10EUdZsxXAAAAAM'
    'SERVER_SIGNATURE' => ''
    'UNIQUE_ID' => 'XaJ7dfm8mxGj10EUdZsxXAAAAAM'
    'PERL5LIB' => '/usr/share/awstats/lib:/usr/share/awstats/plugins'
    'REDIRECT_PERL5LIB' => '/usr/share/awstats/lib:/usr/share/awstats/plugins'
    'HTTP_USER_AGENT' => 'Mozilla/5.0 (compatible; YandexBot/3.0; +http://yandex.com/bots)'
    'REDIRECT_REDIRECT_STATUS' => '200'
    'SERVER_PORT' => '80'
    'HTTP_HOST' => 'apijs.injini.ru'
    'HTTP_FROM' => 'support@search.yandex.ru'
    'REDIRECT_HANDLER' => 'application/x-httpd-php5'
    'DOCUMENT_ROOT' => '/var/www/user43163/data/www/apijs.injini.ru'
    'SCRIPT_FILENAME' => '/var/www/user43163/data/www/apijs.injini.ru/web/index.php'
    'REQUEST_URI' => '/robots.txt'
    'SCRIPT_NAME' => '/web/index.php'
    'HTTP_CONNECTION' => 'close'
    'REMOTE_PORT' => '44548'
    'PATH' => '/usr/local/sbin:/usr/local/bin:/usr/sbin:/usr/bin'
    'CONTEXT_PREFIX' => '/php-bin/'
    'PWD' => '/var/www/php-bin/user43163'
    'SERVER_ADMIN' => 'mygarbage86@mail.ru'
    'REDIRECT_UNIQUE_ID' => 'XaJ7dfm8mxGj10EUdZsxXAAAAAM'
    'REQUEST_SCHEME' => 'http'
    'REDIRECT_STATUS' => '200'
    'HTTP_ACCEPT' => '*/*'
    'REMOTE_ADDR' => '95.108.181.86'
    'SHLVL' => '1'
    'SERVER_NAME' => 'apijs.injini.ru'
    'REDIRECT_REDIRECT_PERL5LIB' => '/usr/share/awstats/lib:/usr/share/awstats/plugins'
    'SERVER_SOFTWARE' => 'Apache/2.4.6 () mpm-itk/2.4.7-04 OpenSSL/1.0.2k-fips PHP/5.4.16'
    'QUERY_STRING' => ''
    'SERVER_ADDR' => '127.0.0.1'
    'GATEWAY_INTERFACE' => 'CGI/1.1'
    'HTTP_X_FORWARDED_PORT' => '80'
    'SERVER_PROTOCOL' => 'HTTP/1.0'
    'REDIRECT_URL' => '/web/index.php'
    'REQUEST_METHOD' => 'GET'
    'CONTEXT_DOCUMENT_ROOT' => '/var/www/php-bin/user43163/'
    'HTTP_X_FORWARDED_PROTO' => 'http'
    '_' => '/usr/bin/php-cgi'
    'ORIG_SCRIPT_FILENAME' => '/var/www/php-bin/user43163/php'
    'ORIG_PATH_INFO' => '/web/index.php'
    'ORIG_PATH_TRANSLATED' => '/var/www/user43163/data/www/apijs.injini.ru/web/index.php'
    'ORIG_SCRIPT_NAME' => '/php-bin/php'
    'PHP_SELF' => '/web/index.php'
    'REQUEST_TIME_FLOAT' => 1570929525.7887
    'REQUEST_TIME' => 1570929525
]
2019-10-13 04:18:50 [178.154.200.42][-][-][warning][yii\debug\Module::checkAccess] Access to debugger is denied due to IP address restriction. The requesting IP address is 178.154.200.42
    in /var/www/user43163/data/www/apijs.injini.ru/views/layouts/main.php:78
    in /var/www/user43163/data/www/apijs.injini.ru/controllers/SiteController.php:27
2019-10-13 04:18:50 [178.154.200.42][-][-][warning][yii\debug\Module::checkAccess] Access to debugger is denied due to IP address restriction. The requesting IP address is 178.154.200.42
2019-10-13 04:18:50 [178.154.200.42][-][-][info][application] $_GET = []

$_POST = []

$_FILES = []

$_COOKIE = []

$_SESSION = [
    '__flash' => []
]

$_SERVER = [
    'REDIRECT_REDIRECT_UNIQUE_ID' => 'XaJ7eiE078Z5vvTp7X90aQAAAAs'
    'SERVER_SIGNATURE' => ''
    'UNIQUE_ID' => 'XaJ7eiE078Z5vvTp7X90aQAAAAs'
    'PERL5LIB' => '/usr/share/awstats/lib:/usr/share/awstats/plugins'
    'REDIRECT_PERL5LIB' => '/usr/share/awstats/lib:/usr/share/awstats/plugins'
    'HTTP_USER_AGENT' => 'Mozilla/5.0 (compatible; YandexBot/3.0; +http://yandex.com/bots)'
    'REDIRECT_REDIRECT_STATUS' => '200'
    'SERVER_PORT' => '80'
    'HTTP_HOST' => 'apijs.injini.ru'
    'HTTP_FROM' => 'support@search.yandex.ru'
    'REDIRECT_HANDLER' => 'application/x-httpd-php5'
    'DOCUMENT_ROOT' => '/var/www/user43163/data/www/apijs.injini.ru'
    'SCRIPT_FILENAME' => '/var/www/user43163/data/www/apijs.injini.ru/web/index.php'
    'REQUEST_URI' => '/'
    'SCRIPT_NAME' => '/web/index.php'
    'HTTP_CONNECTION' => 'close'
    'REMOTE_PORT' => '44654'
    'PATH' => '/usr/local/sbin:/usr/local/bin:/usr/sbin:/usr/bin'
    'CONTEXT_PREFIX' => '/php-bin/'
    'PWD' => '/var/www/php-bin/user43163'
    'SERVER_ADMIN' => 'mygarbage86@mail.ru'
    'REDIRECT_UNIQUE_ID' => 'XaJ7eiE078Z5vvTp7X90aQAAAAs'
    'REQUEST_SCHEME' => 'http'
    'REDIRECT_STATUS' => '200'
    'HTTP_ACCEPT' => '*/*'
    'REMOTE_ADDR' => '178.154.200.42'
    'SHLVL' => '1'
    'SERVER_NAME' => 'apijs.injini.ru'
    'REDIRECT_REDIRECT_PERL5LIB' => '/usr/share/awstats/lib:/usr/share/awstats/plugins'
    'SERVER_SOFTWARE' => 'Apache/2.4.6 () mpm-itk/2.4.7-04 OpenSSL/1.0.2k-fips PHP/5.4.16'
    'QUERY_STRING' => ''
    'SERVER_ADDR' => '127.0.0.1'
    'GATEWAY_INTERFACE' => 'CGI/1.1'
    'HTTP_X_FORWARDED_PORT' => '80'
    'SERVER_PROTOCOL' => 'HTTP/1.0'
    'HTTP_ACCEPT_ENCODING' => 'gzip,deflate'
    'REDIRECT_URL' => '/web/index.php'
    'REQUEST_METHOD' => 'GET'
    'CONTEXT_DOCUMENT_ROOT' => '/var/www/php-bin/user43163/'
    'HTTP_X_FORWARDED_PROTO' => 'http'
    '_' => '/usr/bin/php-cgi'
    'ORIG_SCRIPT_FILENAME' => '/var/www/php-bin/user43163/php'
    'ORIG_PATH_INFO' => '/web/index.php'
    'ORIG_PATH_TRANSLATED' => '/var/www/user43163/data/www/apijs.injini.ru/web/index.php'
    'ORIG_SCRIPT_NAME' => '/php-bin/php'
    'PHP_SELF' => '/web/index.php'
    'REQUEST_TIME_FLOAT' => 1570929530.6486
    'REQUEST_TIME' => 1570929530
]
